0 verbose cli /usr/local/bin/node /usr/local/bin/npm
1 info using npm@10.9.4
2 info using node@v21.7.3
3 silly config load:file:/usr/local/lib/node_modules/npm/npmrc
4 silly config load:file:/home/container/.npmrc
5 silly config load:file:/usr/local/etc/npmrc
6 verbose title npm install
7 verbose argv "install"
8 verbose logfile logs-max:10 dir:/home/container/.npm/_logs/2025-10-31T15_17_03_215Z-
9 verbose logfile /home/container/.npm/_logs/2025-10-31T15_17_03_215Z-debug-0.log
10 silly logfile done cleaning log files
11 silly packumentCache heap:307232768 maxSize:76808192 maxEntrySize:38404096
12 silly idealTree buildDeps
13 silly reify moves {}
14 silly audit bulk request {
14 silly audit   '@derockdev/discord-components-core': [ '3.6.1' ],
14 silly audit   '@derockdev/discord-components-react': [ '3.6.1' ],
14 silly audit   '@discordjs/builders': [ '1.10.1' ],
14 silly audit   '@discordjs/collection': [ '1.5.3', '2.1.1' ],
14 silly audit   '@discordjs/formatters': [ '0.6.0' ],
14 silly audit   '@discordjs/rest': [ '2.4.3' ],
14 silly audit   '@discordjs/util': [ '1.1.1' ],
14 silly audit   '@discordjs/ws': [ '1.2.1' ],
14 silly audit   '@fastify/busboy': [ '2.1.1' ],
14 silly audit   '@mongodb-js/saslprep': [ '1.2.0' ],
14 silly audit   '@sapphire/async-queue': [ '1.5.5' ],
14 silly audit   '@sapphire/shapeshift': [ '4.0.0' ],
14 silly audit   '@sapphire/snowflake': [ '3.5.3' ],
14 silly audit   '@stencil/core': [ '3.4.2' ],
14 silly audit   '@types/node': [ '22.13.5' ],
14 silly audit   '@types/react': [ '19.0.10' ],
14 silly audit   '@types/webidl-conversions': [ '7.0.3' ],
14 silly audit   '@types/whatwg-url': [ '11.0.5' ],
14 silly audit   '@types/ws': [ '8.5.14' ],
14 silly audit   '@vladfrangu/async_event_emitter': [ '2.4.6' ],
14 silly audit   accepts: [ '1.3.8' ],
14 silly audit   'array-flatten': [ '1.1.1' ],
14 silly audit   'body-parser': [ '1.20.3' ],
14 silly audit   debug: [ '2.6.9', '4.4.0' ],
14 silly audit   ms: [ '2.0.0', '2.1.3' ],
14 silly audit   bson: [ '6.10.3' ],
14 silly audit   bytes: [ '3.1.2' ],
14 silly audit   'call-bind-apply-helpers': [ '1.0.2' ],
14 silly audit   'call-bound': [ '1.0.4' ],
14 silly audit   clsx: [ '1.2.1' ],
14 silly audit   'content-disposition': [ '0.5.4' ],
14 silly audit   'content-type': [ '1.0.5' ],
14 silly audit   cookie: [ '0.7.1' ],
14 silly audit   'cookie-signature': [ '1.0.6' ],
14 silly audit   csstype: [ '3.1.3' ],
14 silly audit   depd: [ '2.0.0' ],
14 silly audit   destroy: [ '1.2.0' ],
14 silly audit   'discord-api-types': [ '0.37.119' ],
14 silly audit   'discord-html-transcripts': [ '3.2.0' ],
14 silly audit   undici: [ '5.28.5', '6.21.1' ],
14 silly audit   'discord-markdown-parser': [ '1.1.0' ],
14 silly audit   'discord.js': [ '14.18.0' ],
14 silly audit   'djs-commander': [ '0.0.50' ],
14 silly audit   dotenv: [ '16.4.7' ],
14 silly audit   'dunder-proto': [ '1.0.1' ],
14 silly audit   'ee-first': [ '1.1.1' ],
14 silly audit   encodeurl: [ '2.0.0', '1.0.2' ],
14 silly audit   'es-define-property': [ '1.0.1' ],
14 silly audit   'es-errors': [ '1.3.0' ],
14 silly audit   'es-object-atoms': [ '1.1.1' ],
14 silly audit   'escape-html': [ '1.0.3' ],
14 silly audit   etag: [ '1.8.1' ],
14 silly audit   express: [ '4.21.2' ],
14 silly audit   'fast-deep-equal': [ '3.1.3' ],
14 silly audit   finalhandler: [ '1.3.1' ],
14 silly audit   forwarded: [ '0.2.0' ],
14 silly audit   fresh: [ '0.5.2' ],
14 silly audit   'fs-extra': [ '8.1.0' ],
14 silly audit   jsonfile: [ '4.0.0', '5.0.0' ],
14 silly audit   'function-bind': [ '1.1.2' ],
14 silly audit   'get-intrinsic': [ '1.3.0' ],
14 silly audit   'get-proto': [ '1.0.1' ],
14 silly audit   gopd: [ '1.2.0' ],
14 silly audit   'graceful-fs': [ '4.2.11' ],
14 silly audit   'has-symbols': [ '1.1.0' ],
14 silly audit   hasown: [ '2.0.2' ],
14 silly audit   'hex-to-rgba': [ '2.0.1' ],
14 silly audit   'highlight.js': [ '11.11.1' ],
14 silly audit   'http-errors': [ '2.0.0' ],
14 silly audit   'iconv-lite': [ '0.4.24' ],
14 silly audit   inherits: [ '2.0.4' ],
14 silly audit   'ipaddr.js': [ '1.9.1' ],
14 silly audit   'js-tokens': [ '4.0.0' ],
14 silly audit   kareem: [ '2.6.3' ],
14 silly audit   lodash: [ '4.17.21' ],
14 silly audit   'lodash.snakecase': [ '4.1.1' ],
14 silly audit   'loose-envify': [ '1.4.0' ],
14 silly audit   'magic-bytes.js': [ '1.10.0' ],
14 silly audit   'math-intrinsics': [ '1.1.0' ],
14 silly audit   'media-typer': [ '0.3.0' ],
14 silly audit   'memory-pager': [ '1.5.0' ],
14 silly audit   'merge-descriptors': [ '1.0.3' ],
14 silly audit   methods: [ '1.1.2' ],
14 silly audit   mime: [ '1.6.0' ],
14 silly audit   'mime-db': [ '1.52.0' ],
14 silly audit   'mime-types': [ '2.1.35' ],
14 silly audit   'module-name': [ '0.0.1-security' ],
14 silly audit   mongodb: [ '6.14.2' ],
14 silly audit   'mongodb-connection-string-url': [ '3.0.2' ],
14 silly audit   mongoose: [ '8.12.1' ],
14 silly audit   mpath: [ '0.9.0' ],
14 silly audit   mquery: [ '5.0.0' ],
14 silly audit   negotiator: [ '0.6.3' ],
14 silly audit   'object-inspect': [ '1.13.4' ],
14 silly audit   'on-finished': [ '2.4.1' ],
14 silly audit   parseurl: [ '1.3.3' ],
14 silly audit   'path-to-regexp': [ '0.1.12' ],
14 silly audit   'proxy-addr': [ '2.0.7' ],
14 silly audit   punycode: [ '2.3.1' ],
14 silly audit   qs: [ '6.13.0' ],
14 silly audit   'range-parser': [ '1.2.1' ],
14 silly audit   'raw-body': [ '2.5.2' ],
14 silly audit   react: [ '18.3.1' ],
14 silly audit   'react-dom': [ '18.3.1' ],
14 silly audit   'safe-buffer': [ '5.2.1' ],
14 silly audit   'safer-buffer': [ '2.1.2' ],
14 silly audit   scheduler: [ '0.23.2' ],
14 silly audit   send: [ '0.19.0' ],
14 silly audit   'serve-static': [ '1.16.2' ],
14 silly audit   setprototypeof: [ '1.2.0' ],
14 silly audit   'side-channel': [ '1.1.0' ],
14 silly audit   'side-channel-list': [ '1.0.0' ],
14 silly audit   'side-channel-map': [ '1.0.1' ],
14 silly audit   'side-channel-weakmap': [ '1.0.2' ],
14 silly audit   sift: [ '17.1.3' ],
14 silly audit   'simple-markdown': [ '0.7.3' ],
14 silly audit   'sparse-bitfield': [ '3.0.3' ],
14 silly audit   statuses: [ '2.0.1' ],
14 silly audit   toidentifier: [ '1.0.1' ],
14 silly audit   tr46: [ '5.1.0' ],
14 silly audit   'ts-mixer': [ '6.0.4' ],
14 silly audit   tslib: [ '2.8.1' ],
14 silly audit   twemoji: [ '14.0.2' ],
14 silly audit   'twemoji-parser': [ '14.0.0' ],
14 silly audit   'type-is': [ '1.6.18' ],
14 silly audit   'undici-types': [ '6.20.0' ],
14 silly audit   universalify: [ '0.1.2' ],
14 silly audit   unpipe: [ '1.0.0' ],
14 silly audit   'utils-merge': [ '1.0.1' ],
14 silly audit   vary: [ '1.1.2' ],
14 silly audit   'webidl-conversions': [ '7.0.0' ],
14 silly audit   'whatwg-url': [ '14.2.0' ],
14 silly audit   ws: [ '8.18.1' ]
14 silly audit }
15 http cache ws@https://registry.npmjs.org/ws/-/ws-8.18.1.tgz 1ms (cache hit)
16 http cache whatwg-url@https://registry.npmjs.org/whatwg-url/-/whatwg-url-14.2.0.tgz 0ms (cache hit)
17 http cache webidl-conversions@https://registry.npmjs.org/webidl-conversions/-/webidl-conversions-7.0.0.tgz 0ms (cache hit)
18 http cache vary@https://registry.npmjs.org/vary/-/vary-1.1.2.tgz 0ms (cache hit)
19 http cache utils-merge@https://registry.npmjs.org/utils-merge/-/utils-merge-1.0.1.tgz 0ms (cache hit)
20 http cache unpipe@https://registry.npmjs.org/unpipe/-/unpipe-1.0.0.tgz 0ms (cache hit)
21 http cache universalify@https://registry.npmjs.org/universalify/-/universalify-0.1.2.tgz 0ms (cache hit)
22 http cache undici-types@https://registry.npmjs.org/undici-types/-/undici-types-6.20.0.tgz 0ms (cache hit)
23 http cache undici@https://registry.npmjs.org/undici/-/undici-6.21.1.tgz 1ms (cache hit)
24 http cache type-is@https://registry.npmjs.org/type-is/-/type-is-1.6.18.tgz 0ms (cache hit)
25 http cache twemoji-parser@https://registry.npmjs.org/twemoji-parser/-/twemoji-parser-14.0.0.tgz 0ms (cache hit)
26 http cache twemoji@https://registry.npmjs.org/twemoji/-/twemoji-14.0.2.tgz 0ms (cache hit)
27 http cache tslib@https://registry.npmjs.org/tslib/-/tslib-2.8.1.tgz 0ms (cache hit)
28 http cache ts-mixer@https://registry.npmjs.org/ts-mixer/-/ts-mixer-6.0.4.tgz 0ms (cache hit)
29 http cache tr46@https://registry.npmjs.org/tr46/-/tr46-5.1.0.tgz 0ms (cache hit)
30 http cache toidentifier@https://registry.npmjs.org/toidentifier/-/toidentifier-1.0.1.tgz 0ms (cache hit)
31 http cache statuses@https://registry.npmjs.org/statuses/-/statuses-2.0.1.tgz 0ms (cache hit)
32 http cache sparse-bitfield@https://registry.npmjs.org/sparse-bitfield/-/sparse-bitfield-3.0.3.tgz 0ms (cache hit)
33 http cache simple-markdown@https://registry.npmjs.org/simple-markdown/-/simple-markdown-0.7.3.tgz 0ms (cache hit)
34 http cache sift@https://registry.npmjs.org/sift/-/sift-17.1.3.tgz 0ms (cache hit)
35 http cache side-channel-weakmap@https://registry.npmjs.org/side-channel-weakmap/-/side-channel-weakmap-1.0.2.tgz 0ms (cache hit)
36 http cache side-channel-map@https://registry.npmjs.org/side-channel-map/-/side-channel-map-1.0.1.tgz 0ms (cache hit)
37 http cache side-channel-list@https://registry.npmjs.org/side-channel-list/-/side-channel-list-1.0.0.tgz 0ms (cache hit)
38 http cache side-channel@https://registry.npmjs.org/side-channel/-/side-channel-1.1.0.tgz 0ms (cache hit)
39 http cache setprototypeof@https://registry.npmjs.org/setprototypeof/-/setprototypeof-1.2.0.tgz 0ms (cache hit)
40 http cache serve-static@https://registry.npmjs.org/serve-static/-/serve-static-1.16.2.tgz 0ms (cache hit)
41 http cache send@https://registry.npmjs.org/send/-/send-0.19.0.tgz 0ms (cache hit)
42 http cache scheduler@https://registry.npmjs.org/scheduler/-/scheduler-0.23.2.tgz 0ms (cache hit)
43 http cache safer-buffer@https://registry.npmjs.org/safer-buffer/-/safer-buffer-2.1.2.tgz 0ms (cache hit)
44 http cache safe-buffer@https://registry.npmjs.org/safe-buffer/-/safe-buffer-5.2.1.tgz 0ms (cache hit)
45 http cache react-dom@https://registry.npmjs.org/react-dom/-/react-dom-18.3.1.tgz 0ms (cache hit)
46 http cache react@https://registry.npmjs.org/react/-/react-18.3.1.tgz 0ms (cache hit)
47 http cache raw-body@https://registry.npmjs.org/raw-body/-/raw-body-2.5.2.tgz 0ms (cache hit)
48 http cache range-parser@https://registry.npmjs.org/range-parser/-/range-parser-1.2.1.tgz 0ms (cache hit)
49 http cache qs@https://registry.npmjs.org/qs/-/qs-6.13.0.tgz 0ms (cache hit)
50 http cache punycode@https://registry.npmjs.org/punycode/-/punycode-2.3.1.tgz 0ms (cache hit)
51 http cache proxy-addr@https://registry.npmjs.org/proxy-addr/-/proxy-addr-2.0.7.tgz 0ms (cache hit)
52 http cache path-to-regexp@https://registry.npmjs.org/path-to-regexp/-/path-to-regexp-0.1.12.tgz 0ms (cache hit)
53 http cache parseurl@https://registry.npmjs.org/parseurl/-/parseurl-1.3.3.tgz 0ms (cache hit)
54 http cache on-finished@https://registry.npmjs.org/on-finished/-/on-finished-2.4.1.tgz 0ms (cache hit)
55 http cache object-inspect@https://registry.npmjs.org/object-inspect/-/object-inspect-1.13.4.tgz 0ms (cache hit)
56 http cache negotiator@https://registry.npmjs.org/negotiator/-/negotiator-0.6.3.tgz 0ms (cache hit)
57 http cache ms@https://registry.npmjs.org/ms/-/ms-2.1.3.tgz 0ms (cache hit)
58 http cache mquery@https://registry.npmjs.org/mquery/-/mquery-5.0.0.tgz 0ms (cache hit)
59 http cache mpath@https://registry.npmjs.org/mpath/-/mpath-0.9.0.tgz 0ms (cache hit)
60 http cache mongoose@https://registry.npmjs.org/mongoose/-/mongoose-8.12.1.tgz 0ms (cache hit)
61 http cache mongodb-connection-string-url@https://registry.npmjs.org/mongodb-connection-string-url/-/mongodb-connection-string-url-3.0.2.tgz 0ms (cache hit)
62 http cache mongodb@https://registry.npmjs.org/mongodb/-/mongodb-6.14.2.tgz 0ms (cache hit)
63 http cache module-name@https://registry.npmjs.org/module-name/-/module-name-0.0.1-security.tgz 0ms (cache hit)
64 http cache mime-types@https://registry.npmjs.org/mime-types/-/mime-types-2.1.35.tgz 0ms (cache hit)
65 http cache mime-db@https://registry.npmjs.org/mime-db/-/mime-db-1.52.0.tgz 1ms (cache hit)
66 http cache mime@https://registry.npmjs.org/mime/-/mime-1.6.0.tgz 0ms (cache hit)
67 http cache methods@https://registry.npmjs.org/methods/-/methods-1.1.2.tgz 0ms (cache hit)
68 http cache merge-descriptors@https://registry.npmjs.org/merge-descriptors/-/merge-descriptors-1.0.3.tgz 0ms (cache hit)
69 http cache memory-pager@https://registry.npmjs.org/memory-pager/-/memory-pager-1.5.0.tgz 0ms (cache hit)
70 http cache media-typer@https://registry.npmjs.org/media-typer/-/media-typer-0.3.0.tgz 0ms (cache hit)
71 http cache math-intrinsics@https://registry.npmjs.org/math-intrinsics/-/math-intrinsics-1.1.0.tgz 0ms (cache hit)
72 http cache magic-bytes.js@https://registry.npmjs.org/magic-bytes.js/-/magic-bytes.js-1.10.0.tgz 0ms (cache hit)
73 http cache loose-envify@https://registry.npmjs.org/loose-envify/-/loose-envify-1.4.0.tgz 0ms (cache hit)
74 http cache lodash.snakecase@https://registry.npmjs.org/lodash.snakecase/-/lodash.snakecase-4.1.1.tgz 0ms (cache hit)
75 http cache lodash@https://registry.npmjs.org/lodash/-/lodash-4.17.21.tgz 0ms (cache hit)
76 http cache kareem@https://registry.npmjs.org/kareem/-/kareem-2.6.3.tgz 0ms (cache hit)
77 http cache jsonfile@https://registry.npmjs.org/jsonfile/-/jsonfile-5.0.0.tgz 0ms (cache hit)
78 http cache js-tokens@https://registry.npmjs.org/js-tokens/-/js-tokens-4.0.0.tgz 0ms (cache hit)
79 http cache ipaddr.js@https://registry.npmjs.org/ipaddr.js/-/ipaddr.js-1.9.1.tgz 1ms (cache hit)
80 http cache inherits@https://registry.npmjs.org/inherits/-/inherits-2.0.4.tgz 0ms (cache hit)
81 http cache iconv-lite@https://registry.npmjs.org/iconv-lite/-/iconv-lite-0.4.24.tgz 0ms (cache hit)
82 http cache http-errors@https://registry.npmjs.org/http-errors/-/http-errors-2.0.0.tgz 0ms (cache hit)
83 http cache highlight.js@https://registry.npmjs.org/highlight.js/-/highlight.js-11.11.1.tgz 0ms (cache hit)
84 http cache hex-to-rgba@https://registry.npmjs.org/hex-to-rgba/-/hex-to-rgba-2.0.1.tgz 0ms (cache hit)
85 http cache hasown@https://registry.npmjs.org/hasown/-/hasown-2.0.2.tgz 0ms (cache hit)
86 http cache has-symbols@https://registry.npmjs.org/has-symbols/-/has-symbols-1.1.0.tgz 0ms (cache hit)
87 http cache graceful-fs@https://registry.npmjs.org/graceful-fs/-/graceful-fs-4.2.11.tgz 0ms (cache hit)
88 http cache gopd@https://registry.npmjs.org/gopd/-/gopd-1.2.0.tgz 0ms (cache hit)
89 http cache get-proto@https://registry.npmjs.org/get-proto/-/get-proto-1.0.1.tgz 0ms (cache hit)
90 http cache get-intrinsic@https://registry.npmjs.org/get-intrinsic/-/get-intrinsic-1.3.0.tgz 0ms (cache hit)
91 http cache function-bind@https://registry.npmjs.org/function-bind/-/function-bind-1.1.2.tgz 0ms (cache hit)
92 http cache fs-extra@https://registry.npmjs.org/fs-extra/-/fs-extra-8.1.0.tgz 0ms (cache hit)
93 http cache fresh@https://registry.npmjs.org/fresh/-/fresh-0.5.2.tgz 0ms (cache hit)
94 http cache forwarded@https://registry.npmjs.org/forwarded/-/forwarded-0.2.0.tgz 0ms (cache hit)
95 http cache finalhandler@https://registry.npmjs.org/finalhandler/-/finalhandler-1.3.1.tgz 0ms (cache hit)
96 http cache fast-deep-equal@https://registry.npmjs.org/fast-deep-equal/-/fast-deep-equal-3.1.3.tgz 0ms (cache hit)
97 http cache express@https://registry.npmjs.org/express/-/express-4.21.2.tgz 0ms (cache hit)
98 http cache etag@https://registry.npmjs.org/etag/-/etag-1.8.1.tgz 0ms (cache hit)
99 http cache escape-html@https://registry.npmjs.org/escape-html/-/escape-html-1.0.3.tgz 0ms (cache hit)
100 http cache es-object-atoms@https://registry.npmjs.org/es-object-atoms/-/es-object-atoms-1.1.1.tgz 0ms (cache hit)
101 http cache es-errors@https://registry.npmjs.org/es-errors/-/es-errors-1.3.0.tgz 0ms (cache hit)
102 http cache es-define-property@https://registry.npmjs.org/es-define-property/-/es-define-property-1.0.1.tgz 0ms (cache hit)
103 http cache encodeurl@https://registry.npmjs.org/encodeurl/-/encodeurl-2.0.0.tgz 0ms (cache hit)
104 http cache ee-first@https://registry.npmjs.org/ee-first/-/ee-first-1.1.1.tgz 0ms (cache hit)
105 http cache dunder-proto@https://registry.npmjs.org/dunder-proto/-/dunder-proto-1.0.1.tgz 0ms (cache hit)
106 http cache dotenv@https://registry.npmjs.org/dotenv/-/dotenv-16.4.7.tgz 0ms (cache hit)
107 http cache djs-commander@https://registry.npmjs.org/djs-commander/-/djs-commander-0.0.50.tgz 0ms (cache hit)
108 http cache discord.js@https://registry.npmjs.org/discord.js/-/discord.js-14.18.0.tgz 0ms (cache hit)
109 http cache discord-markdown-parser@https://registry.npmjs.org/discord-markdown-parser/-/discord-markdown-parser-1.1.0.tgz 0ms (cache hit)
110 http cache discord-html-transcripts@https://registry.npmjs.org/discord-html-transcripts/-/discord-html-transcripts-3.2.0.tgz 0ms (cache hit)
111 http cache discord-api-types@https://registry.npmjs.org/discord-api-types/-/discord-api-types-0.37.119.tgz 0ms (cache hit)
112 http cache destroy@https://registry.npmjs.org/destroy/-/destroy-1.2.0.tgz 0ms (cache hit)
113 http cache depd@https://registry.npmjs.org/depd/-/depd-2.0.0.tgz 0ms (cache hit)
114 http cache debug@https://registry.npmjs.org/debug/-/debug-4.4.0.tgz 0ms (cache hit)
115 http cache csstype@https://registry.npmjs.org/csstype/-/csstype-3.1.3.tgz 0ms (cache hit)
116 http cache cookie-signature@https://registry.npmjs.org/cookie-signature/-/cookie-signature-1.0.6.tgz 0ms (cache hit)
117 http cache cookie@https://registry.npmjs.org/cookie/-/cookie-0.7.1.tgz 0ms (cache hit)
118 http cache content-type@https://registry.npmjs.org/content-type/-/content-type-1.0.5.tgz 0ms (cache hit)
119 http cache content-disposition@https://registry.npmjs.org/content-disposition/-/content-disposition-0.5.4.tgz 0ms (cache hit)
120 http cache clsx@https://registry.npmjs.org/clsx/-/clsx-1.2.1.tgz 0ms (cache hit)
121 http cache call-bound@https://registry.npmjs.org/call-bound/-/call-bound-1.0.4.tgz 0ms (cache hit)
122 http cache call-bind-apply-helpers@https://registry.npmjs.org/call-bind-apply-helpers/-/call-bind-apply-helpers-1.0.2.tgz 0ms (cache hit)
123 http cache bytes@https://registry.npmjs.org/bytes/-/bytes-3.1.2.tgz 0ms (cache hit)
124 http cache bson@https://registry.npmjs.org/bson/-/bson-6.10.3.tgz 0ms (cache hit)
125 http cache body-parser@https://registry.npmjs.org/body-parser/-/body-parser-1.20.3.tgz 0ms (cache hit)
126 http cache array-flatten@https://registry.npmjs.org/array-flatten/-/array-flatten-1.1.1.tgz 0ms (cache hit)
127 http cache accepts@https://registry.npmjs.org/accepts/-/accepts-1.3.8.tgz 0ms (cache hit)
128 http cache @vladfrangu/async_event_emitter@https://registry.npmjs.org/@vladfrangu/async_event_emitter/-/async_event_emitter-2.4.6.tgz 0ms (cache hit)
129 http cache @types/ws@https://registry.npmjs.org/@types/ws/-/ws-8.5.14.tgz 0ms (cache hit)
130 http cache @types/whatwg-url@https://registry.npmjs.org/@types/whatwg-url/-/whatwg-url-11.0.5.tgz 0ms (cache hit)
131 http cache @types/webidl-conversions@https://registry.npmjs.org/@types/webidl-conversions/-/webidl-conversions-7.0.3.tgz 0ms (cache hit)
132 http cache @types/react@https://registry.npmjs.org/@types/react/-/react-19.0.10.tgz 0ms (cache hit)
133 http cache @types/node@https://registry.npmjs.org/@types/node/-/node-22.13.5.tgz 0ms (cache hit)
134 http cache @stencil/core@https://registry.npmjs.org/@stencil/core/-/core-3.4.2.tgz 0ms (cache hit)
135 http cache @sapphire/snowflake@https://registry.npmjs.org/@sapphire/snowflake/-/snowflake-3.5.3.tgz 0ms (cache hit)
136 http cache @sapphire/shapeshift@https://registry.npmjs.org/@sapphire/shapeshift/-/shapeshift-4.0.0.tgz 0ms (cache hit)
137 http cache @sapphire/async-queue@https://registry.npmjs.org/@sapphire/async-queue/-/async-queue-1.5.5.tgz 0ms (cache hit)
138 http cache @mongodb-js/saslprep@https://registry.npmjs.org/@mongodb-js/saslprep/-/saslprep-1.2.0.tgz 0ms (cache hit)
139 http cache @fastify/busboy@https://registry.npmjs.org/@fastify/busboy/-/busboy-2.1.1.tgz 0ms (cache hit)
140 http cache @discordjs/ws@https://registry.npmjs.org/@discordjs/ws/-/ws-1.2.1.tgz 0ms (cache hit)
141 http cache @discordjs/util@https://registry.npmjs.org/@discordjs/util/-/util-1.1.1.tgz 0ms (cache hit)
142 http cache @discordjs/rest@https://registry.npmjs.org/@discordjs/rest/-/rest-2.4.3.tgz 0ms (cache hit)
143 http cache @discordjs/formatters@https://registry.npmjs.org/@discordjs/formatters/-/formatters-0.6.0.tgz 0ms (cache hit)
144 http cache @discordjs/collection@https://registry.npmjs.org/@discordjs/collection/-/collection-1.5.3.tgz 0ms (cache hit)
145 http cache @discordjs/builders@https://registry.npmjs.org/@discordjs/builders/-/builders-1.10.1.tgz 0ms (cache hit)
146 http cache @derockdev/discord-components-react@https://registry.npmjs.org/@derockdev/discord-components-react/-/discord-components-react-3.6.1.tgz 0ms (cache hit)
147 http cache @derockdev/discord-components-core@https://registry.npmjs.org/@derockdev/discord-components-core/-/discord-components-core-3.6.1.tgz 0ms (cache hit)
148 http cache encodeurl@https://registry.npmjs.org/encodeurl/-/encodeurl-1.0.2.tgz 0ms (cache hit)
149 http cache debug@https://registry.npmjs.org/debug/-/debug-2.6.9.tgz 0ms (cache hit)
150 http cache ms@https://registry.npmjs.org/ms/-/ms-2.0.0.tgz 0ms (cache hit)
151 http cache jsonfile@https://registry.npmjs.org/jsonfile/-/jsonfile-4.0.0.tgz 0ms (cache hit)
152 http cache ms@https://registry.npmjs.org/ms/-/ms-2.0.0.tgz 0ms (cache hit)
153 http cache debug@https://registry.npmjs.org/debug/-/debug-2.6.9.tgz 0ms (cache hit)
154 http cache ms@https://registry.npmjs.org/ms/-/ms-2.0.0.tgz 0ms (cache hit)
155 http cache debug@https://registry.npmjs.org/debug/-/debug-2.6.9.tgz 0ms (cache hit)
156 http cache undici@https://registry.npmjs.org/undici/-/undici-5.28.5.tgz 0ms (cache hit)
157 http cache ms@https://registry.npmjs.org/ms/-/ms-2.0.0.tgz 0ms (cache hit)
158 http cache debug@https://registry.npmjs.org/debug/-/debug-2.6.9.tgz 0ms (cache hit)
159 http cache @discordjs/collection@https://registry.npmjs.org/@discordjs/collection/-/collection-2.1.1.tgz 0ms (cache hit)
160 http cache @discordjs/collection@https://registry.npmjs.org/@discordjs/collection/-/collection-2.1.1.tgz 0ms (cache hit)
161 silly tarball no local data for ws@https://registry.npmjs.org/ws/-/ws-8.18.1.tgz. Extracting by manifest.
162 silly tarball no local data for whatwg-url@https://registry.npmjs.org/whatwg-url/-/whatwg-url-14.2.0.tgz. Extracting by manifest.
163 silly tarball no local data for webidl-conversions@https://registry.npmjs.org/webidl-conversions/-/webidl-conversions-7.0.0.tgz. Extracting by manifest.
164 silly tarball no local data for vary@https://registry.npmjs.org/vary/-/vary-1.1.2.tgz. Extracting by manifest.
165 silly tarball no local data for utils-merge@https://registry.npmjs.org/utils-merge/-/utils-merge-1.0.1.tgz. Extracting by manifest.
166 silly tarball no local data for unpipe@https://registry.npmjs.org/unpipe/-/unpipe-1.0.0.tgz. Extracting by manifest.
167 silly tarball no local data for universalify@https://registry.npmjs.org/universalify/-/universalify-0.1.2.tgz. Extracting by manifest.
168 silly tarball no local data for undici-types@https://registry.npmjs.org/undici-types/-/undici-types-6.20.0.tgz. Extracting by manifest.
169 silly tarball no local data for undici@https://registry.npmjs.org/undici/-/undici-6.21.1.tgz. Extracting by manifest.
170 silly tarball no local data for type-is@https://registry.npmjs.org/type-is/-/type-is-1.6.18.tgz. Extracting by manifest.
171 silly tarball no local data for twemoji-parser@https://registry.npmjs.org/twemoji-parser/-/twemoji-parser-14.0.0.tgz. Extracting by manifest.
172 silly tarball no local data for twemoji@https://registry.npmjs.org/twemoji/-/twemoji-14.0.2.tgz. Extracting by manifest.
173 silly tarball no local data for tslib@https://registry.npmjs.org/tslib/-/tslib-2.8.1.tgz. Extracting by manifest.
174 silly tarball no local data for ts-mixer@https://registry.npmjs.org/ts-mixer/-/ts-mixer-6.0.4.tgz. Extracting by manifest.
175 silly tarball no local data for tr46@https://registry.npmjs.org/tr46/-/tr46-5.1.0.tgz. Extracting by manifest.
176 silly tarball no local data for toidentifier@https://registry.npmjs.org/toidentifier/-/toidentifier-1.0.1.tgz. Extracting by manifest.
177 silly tarball no local data for statuses@https://registry.npmjs.org/statuses/-/statuses-2.0.1.tgz. Extracting by manifest.
178 silly tarball no local data for sparse-bitfield@https://registry.npmjs.org/sparse-bitfield/-/sparse-bitfield-3.0.3.tgz. Extracting by manifest.
179 silly tarball no local data for simple-markdown@https://registry.npmjs.org/simple-markdown/-/simple-markdown-0.7.3.tgz. Extracting by manifest.
180 silly tarball no local data for sift@https://registry.npmjs.org/sift/-/sift-17.1.3.tgz. Extracting by manifest.
181 silly tarball no local data for side-channel-weakmap@https://registry.npmjs.org/side-channel-weakmap/-/side-channel-weakmap-1.0.2.tgz. Extracting by manifest.
182 silly tarball no local data for side-channel-map@https://registry.npmjs.org/side-channel-map/-/side-channel-map-1.0.1.tgz. Extracting by manifest.
183 silly tarball no local data for side-channel-list@https://registry.npmjs.org/side-channel-list/-/side-channel-list-1.0.0.tgz. Extracting by manifest.
184 silly tarball no local data for side-channel@https://registry.npmjs.org/side-channel/-/side-channel-1.1.0.tgz. Extracting by manifest.
185 silly tarball no local data for setprototypeof@https://registry.npmjs.org/setprototypeof/-/setprototypeof-1.2.0.tgz. Extracting by manifest.
186 silly tarball no local data for serve-static@https://registry.npmjs.org/serve-static/-/serve-static-1.16.2.tgz. Extracting by manifest.
187 silly tarball no local data for send@https://registry.npmjs.org/send/-/send-0.19.0.tgz. Extracting by manifest.
188 silly tarball no local data for scheduler@https://registry.npmjs.org/scheduler/-/scheduler-0.23.2.tgz. Extracting by manifest.
189 silly tarball no local data for safer-buffer@https://registry.npmjs.org/safer-buffer/-/safer-buffer-2.1.2.tgz. Extracting by manifest.
190 silly tarball no local data for safe-buffer@https://registry.npmjs.org/safe-buffer/-/safe-buffer-5.2.1.tgz. Extracting by manifest.
191 silly tarball no local data for react-dom@https://registry.npmjs.org/react-dom/-/react-dom-18.3.1.tgz. Extracting by manifest.
192 silly tarball no local data for react@https://registry.npmjs.org/react/-/react-18.3.1.tgz. Extracting by manifest.
193 silly tarball no local data for raw-body@https://registry.npmjs.org/raw-body/-/raw-body-2.5.2.tgz. Extracting by manifest.
194 silly tarball no local data for range-parser@https://registry.npmjs.org/range-parser/-/range-parser-1.2.1.tgz. Extracting by manifest.
195 silly tarball no local data for qs@https://registry.npmjs.org/qs/-/qs-6.13.0.tgz. Extracting by manifest.
196 silly tarball no local data for punycode@https://registry.npmjs.org/punycode/-/punycode-2.3.1.tgz. Extracting by manifest.
197 silly tarball no local data for proxy-addr@https://registry.npmjs.org/proxy-addr/-/proxy-addr-2.0.7.tgz. Extracting by manifest.
198 silly tarball no local data for path-to-regexp@https://registry.npmjs.org/path-to-regexp/-/path-to-regexp-0.1.12.tgz. Extracting by manifest.
199 silly tarball no local data for parseurl@https://registry.npmjs.org/parseurl/-/parseurl-1.3.3.tgz. Extracting by manifest.
200 silly tarball no local data for on-finished@https://registry.npmjs.org/on-finished/-/on-finished-2.4.1.tgz. Extracting by manifest.
201 silly tarball no local data for object-inspect@https://registry.npmjs.org/object-inspect/-/object-inspect-1.13.4.tgz. Extracting by manifest.
202 silly tarball no local data for negotiator@https://registry.npmjs.org/negotiator/-/negotiator-0.6.3.tgz. Extracting by manifest.
203 silly tarball no local data for ms@https://registry.npmjs.org/ms/-/ms-2.1.3.tgz. Extracting by manifest.
204 silly tarball no local data for mquery@https://registry.npmjs.org/mquery/-/mquery-5.0.0.tgz. Extracting by manifest.
205 silly tarball no local data for mpath@https://registry.npmjs.org/mpath/-/mpath-0.9.0.tgz. Extracting by manifest.
206 silly tarball no local data for mongoose@https://registry.npmjs.org/mongoose/-/mongoose-8.12.1.tgz. Extracting by manifest.
207 silly tarball no local data for mongodb-connection-string-url@https://registry.npmjs.org/mongodb-connection-string-url/-/mongodb-connection-string-url-3.0.2.tgz. Extracting by manifest.
208 silly tarball no local data for mongodb@https://registry.npmjs.org/mongodb/-/mongodb-6.14.2.tgz. Extracting by manifest.
209 silly tarball no local data for module-name@https://registry.npmjs.org/module-name/-/module-name-0.0.1-security.tgz. Extracting by manifest.
210 silly tarball no local data for mime-types@https://registry.npmjs.org/mime-types/-/mime-types-2.1.35.tgz. Extracting by manifest.
211 silly tarball no local data for mime-db@https://registry.npmjs.org/mime-db/-/mime-db-1.52.0.tgz. Extracting by manifest.
212 silly tarball no local data for mime@https://registry.npmjs.org/mime/-/mime-1.6.0.tgz. Extracting by manifest.
213 silly tarball no local data for methods@https://registry.npmjs.org/methods/-/methods-1.1.2.tgz. Extracting by manifest.
214 silly tarball no local data for merge-descriptors@https://registry.npmjs.org/merge-descriptors/-/merge-descriptors-1.0.3.tgz. Extracting by manifest.
215 silly tarball no local data for memory-pager@https://registry.npmjs.org/memory-pager/-/memory-pager-1.5.0.tgz. Extracting by manifest.
216 silly tarball no local data for media-typer@https://registry.npmjs.org/media-typer/-/media-typer-0.3.0.tgz. Extracting by manifest.
217 silly tarball no local data for math-intrinsics@https://registry.npmjs.org/math-intrinsics/-/math-intrinsics-1.1.0.tgz. Extracting by manifest.
218 silly tarball no local data for magic-bytes.js@https://registry.npmjs.org/magic-bytes.js/-/magic-bytes.js-1.10.0.tgz. Extracting by manifest.
219 silly tarball no local data for loose-envify@https://registry.npmjs.org/loose-envify/-/loose-envify-1.4.0.tgz. Extracting by manifest.
220 silly tarball no local data for lodash.snakecase@https://registry.npmjs.org/lodash.snakecase/-/lodash.snakecase-4.1.1.tgz. Extracting by manifest.
221 silly tarball no local data for lodash@https://registry.npmjs.org/lodash/-/lodash-4.17.21.tgz. Extracting by manifest.
222 silly tarball no local data for kareem@https://registry.npmjs.org/kareem/-/kareem-2.6.3.tgz. Extracting by manifest.
223 silly tarball no local data for jsonfile@https://registry.npmjs.org/jsonfile/-/jsonfile-5.0.0.tgz. Extracting by manifest.
224 silly tarball no local data for js-tokens@https://registry.npmjs.org/js-tokens/-/js-tokens-4.0.0.tgz. Extracting by manifest.
225 silly tarball no local data for ipaddr.js@https://registry.npmjs.org/ipaddr.js/-/ipaddr.js-1.9.1.tgz. Extracting by manifest.
226 silly tarball no local data for inherits@https://registry.npmjs.org/inherits/-/inherits-2.0.4.tgz. Extracting by manifest.
227 silly tarball no local data for iconv-lite@https://registry.npmjs.org/iconv-lite/-/iconv-lite-0.4.24.tgz. Extracting by manifest.
228 silly tarball no local data for http-errors@https://registry.npmjs.org/http-errors/-/http-errors-2.0.0.tgz. Extracting by manifest.
229 silly tarball no local data for highlight.js@https://registry.npmjs.org/highlight.js/-/highlight.js-11.11.1.tgz. Extracting by manifest.
230 silly tarball no local data for hex-to-rgba@https://registry.npmjs.org/hex-to-rgba/-/hex-to-rgba-2.0.1.tgz. Extracting by manifest.
231 silly tarball no local data for hasown@https://registry.npmjs.org/hasown/-/hasown-2.0.2.tgz. Extracting by manifest.
232 silly tarball no local data for has-symbols@https://registry.npmjs.org/has-symbols/-/has-symbols-1.1.0.tgz. Extracting by manifest.
233 silly tarball no local data for graceful-fs@https://registry.npmjs.org/graceful-fs/-/graceful-fs-4.2.11.tgz. Extracting by manifest.
234 silly tarball no local data for gopd@https://registry.npmjs.org/gopd/-/gopd-1.2.0.tgz. Extracting by manifest.
235 silly tarball no local data for get-proto@https://registry.npmjs.org/get-proto/-/get-proto-1.0.1.tgz. Extracting by manifest.
236 silly tarball no local data for get-intrinsic@https://registry.npmjs.org/get-intrinsic/-/get-intrinsic-1.3.0.tgz. Extracting by manifest.
237 silly tarball no local data for function-bind@https://registry.npmjs.org/function-bind/-/function-bind-1.1.2.tgz. Extracting by manifest.
238 silly tarball no local data for fs-extra@https://registry.npmjs.org/fs-extra/-/fs-extra-8.1.0.tgz. Extracting by manifest.
239 silly tarball no local data for fresh@https://registry.npmjs.org/fresh/-/fresh-0.5.2.tgz. Extracting by manifest.
240 silly tarball no local data for forwarded@https://registry.npmjs.org/forwarded/-/forwarded-0.2.0.tgz. Extracting by manifest.
241 silly tarball no local data for finalhandler@https://registry.npmjs.org/finalhandler/-/finalhandler-1.3.1.tgz. Extracting by manifest.
242 silly tarball no local data for fast-deep-equal@https://registry.npmjs.org/fast-deep-equal/-/fast-deep-equal-3.1.3.tgz. Extracting by manifest.
243 silly tarball no local data for express@https://registry.npmjs.org/express/-/express-4.21.2.tgz. Extracting by manifest.
244 silly tarball no local data for etag@https://registry.npmjs.org/etag/-/etag-1.8.1.tgz. Extracting by manifest.
245 silly tarball no local data for escape-html@https://registry.npmjs.org/escape-html/-/escape-html-1.0.3.tgz. Extracting by manifest.
246 silly tarball no local data for es-object-atoms@https://registry.npmjs.org/es-object-atoms/-/es-object-atoms-1.1.1.tgz. Extracting by manifest.
247 silly tarball no local data for es-errors@https://registry.npmjs.org/es-errors/-/es-errors-1.3.0.tgz. Extracting by manifest.
248 silly tarball no local data for es-define-property@https://registry.npmjs.org/es-define-property/-/es-define-property-1.0.1.tgz. Extracting by manifest.
249 silly tarball no local data for encodeurl@https://registry.npmjs.org/encodeurl/-/encodeurl-2.0.0.tgz. Extracting by manifest.
250 silly tarball no local data for ee-first@https://registry.npmjs.org/ee-first/-/ee-first-1.1.1.tgz. Extracting by manifest.
251 silly tarball no local data for dunder-proto@https://registry.npmjs.org/dunder-proto/-/dunder-proto-1.0.1.tgz. Extracting by manifest.
252 silly tarball no local data for dotenv@https://registry.npmjs.org/dotenv/-/dotenv-16.4.7.tgz. Extracting by manifest.
253 silly tarball no local data for djs-commander@https://registry.npmjs.org/djs-commander/-/djs-commander-0.0.50.tgz. Extracting by manifest.
254 silly tarball no local data for discord.js@https://registry.npmjs.org/discord.js/-/discord.js-14.18.0.tgz. Extracting by manifest.
255 silly tarball no local data for discord-markdown-parser@https://registry.npmjs.org/discord-markdown-parser/-/discord-markdown-parser-1.1.0.tgz. Extracting by manifest.
256 silly tarball no local data for discord-html-transcripts@https://registry.npmjs.org/discord-html-transcripts/-/discord-html-transcripts-3.2.0.tgz. Extracting by manifest.
257 silly tarball no local data for discord-api-types@https://registry.npmjs.org/discord-api-types/-/discord-api-types-0.37.119.tgz. Extracting by manifest.
258 silly tarball no local data for destroy@https://registry.npmjs.org/destroy/-/destroy-1.2.0.tgz. Extracting by manifest.
259 silly tarball no local data for depd@https://registry.npmjs.org/depd/-/depd-2.0.0.tgz. Extracting by manifest.
260 silly tarball no local data for debug@https://registry.npmjs.org/debug/-/debug-4.4.0.tgz. Extracting by manifest.
261 silly tarball no local data for csstype@https://registry.npmjs.org/csstype/-/csstype-3.1.3.tgz. Extracting by manifest.
262 silly tarball no local data for cookie-signature@https://registry.npmjs.org/cookie-signature/-/cookie-signature-1.0.6.tgz. Extracting by manifest.
263 silly tarball no local data for cookie@https://registry.npmjs.org/cookie/-/cookie-0.7.1.tgz. Extracting by manifest.
264 silly tarball no local data for content-type@https://registry.npmjs.org/content-type/-/content-type-1.0.5.tgz. Extracting by manifest.
265 silly tarball no local data for content-disposition@https://registry.npmjs.org/content-disposition/-/content-disposition-0.5.4.tgz. Extracting by manifest.
266 silly tarball no local data for clsx@https://registry.npmjs.org/clsx/-/clsx-1.2.1.tgz. Extracting by manifest.
267 silly tarball no local data for call-bound@https://registry.npmjs.org/call-bound/-/call-bound-1.0.4.tgz. Extracting by manifest.
268 silly tarball no local data for call-bind-apply-helpers@https://registry.npmjs.org/call-bind-apply-helpers/-/call-bind-apply-helpers-1.0.2.tgz. Extracting by manifest.
269 silly tarball no local data for bytes@https://registry.npmjs.org/bytes/-/bytes-3.1.2.tgz. Extracting by manifest.
270 silly tarball no local data for bson@https://registry.npmjs.org/bson/-/bson-6.10.3.tgz. Extracting by manifest.
271 silly tarball no local data for body-parser@https://registry.npmjs.org/body-parser/-/body-parser-1.20.3.tgz. Extracting by manifest.
272 silly tarball no local data for array-flatten@https://registry.npmjs.org/array-flatten/-/array-flatten-1.1.1.tgz. Extracting by manifest.
273 silly tarball no local data for accepts@https://registry.npmjs.org/accepts/-/accepts-1.3.8.tgz. Extracting by manifest.
274 silly tarball no local data for @vladfrangu/async_event_emitter@https://registry.npmjs.org/@vladfrangu/async_event_emitter/-/async_event_emitter-2.4.6.tgz. Extracting by manifest.
275 silly tarball no local data for @types/ws@https://registry.npmjs.org/@types/ws/-/ws-8.5.14.tgz. Extracting by manifest.
276 silly tarball no local data for @types/whatwg-url@https://registry.npmjs.org/@types/whatwg-url/-/whatwg-url-11.0.5.tgz. Extracting by manifest.
277 silly tarball no local data for @types/webidl-conversions@https://registry.npmjs.org/@types/webidl-conversions/-/webidl-conversions-7.0.3.tgz. Extracting by manifest.
278 silly tarball no local data for @types/react@https://registry.npmjs.org/@types/react/-/react-19.0.10.tgz. Extracting by manifest.
279 silly tarball no local data for @types/node@https://registry.npmjs.org/@types/node/-/node-22.13.5.tgz. Extracting by manifest.
280 silly tarball no local data for @stencil/core@https://registry.npmjs.org/@stencil/core/-/core-3.4.2.tgz. Extracting by manifest.
281 silly tarball no local data for @sapphire/snowflake@https://registry.npmjs.org/@sapphire/snowflake/-/snowflake-3.5.3.tgz. Extracting by manifest.
282 silly tarball no local data for @sapphire/shapeshift@https://registry.npmjs.org/@sapphire/shapeshift/-/shapeshift-4.0.0.tgz. Extracting by manifest.
283 silly tarball no local data for @sapphire/async-queue@https://registry.npmjs.org/@sapphire/async-queue/-/async-queue-1.5.5.tgz. Extracting by manifest.
284 silly tarball no local data for @mongodb-js/saslprep@https://registry.npmjs.org/@mongodb-js/saslprep/-/saslprep-1.2.0.tgz. Extracting by manifest.
285 silly tarball no local data for @fastify/busboy@https://registry.npmjs.org/@fastify/busboy/-/busboy-2.1.1.tgz. Extracting by manifest.
286 silly tarball no local data for @discordjs/ws@https://registry.npmjs.org/@discordjs/ws/-/ws-1.2.1.tgz. Extracting by manifest.
287 silly tarball no local data for @discordjs/util@https://registry.npmjs.org/@discordjs/util/-/util-1.1.1.tgz. Extracting by manifest.
288 silly tarball no local data for @discordjs/rest@https://registry.npmjs.org/@discordjs/rest/-/rest-2.4.3.tgz. Extracting by manifest.
289 silly tarball no local data for @discordjs/formatters@https://registry.npmjs.org/@discordjs/formatters/-/formatters-0.6.0.tgz. Extracting by manifest.
290 silly tarball no local data for @discordjs/collection@https://registry.npmjs.org/@discordjs/collection/-/collection-1.5.3.tgz. Extracting by manifest.
291 silly tarball no local data for @discordjs/builders@https://registry.npmjs.org/@discordjs/builders/-/builders-1.10.1.tgz. Extracting by manifest.
292 silly tarball no local data for @derockdev/discord-components-react@https://registry.npmjs.org/@derockdev/discord-components-react/-/discord-components-react-3.6.1.tgz. Extracting by manifest.
293 silly tarball no local data for @derockdev/discord-components-core@https://registry.npmjs.org/@derockdev/discord-components-core/-/discord-components-core-3.6.1.tgz. Extracting by manifest.
294 silly tarball no local data for encodeurl@https://registry.npmjs.org/encodeurl/-/encodeurl-1.0.2.tgz. Extracting by manifest.
295 silly tarball no local data for debug@https://registry.npmjs.org/debug/-/debug-2.6.9.tgz. Extracting by manifest.
296 silly tarball no local data for ms@https://registry.npmjs.org/ms/-/ms-2.0.0.tgz. Extracting by manifest.
297 silly tarball no local data for jsonfile@https://registry.npmjs.org/jsonfile/-/jsonfile-4.0.0.tgz. Extracting by manifest.
298 silly tarball no local data for ms@https://registry.npmjs.org/ms/-/ms-2.0.0.tgz. Extracting by manifest.
299 silly tarball no local data for debug@https://registry.npmjs.org/debug/-/debug-2.6.9.tgz. Extracting by manifest.
300 silly tarball no local data for ms@https://registry.npmjs.org/ms/-/ms-2.0.0.tgz. Extracting by manifest.
301 silly tarball no local data for debug@https://registry.npmjs.org/debug/-/debug-2.6.9.tgz. Extracting by manifest.
302 silly tarball no local data for undici@https://registry.npmjs.org/undici/-/undici-5.28.5.tgz. Extracting by manifest.
303 silly tarball no local data for ms@https://registry.npmjs.org/ms/-/ms-2.0.0.tgz. Extracting by manifest.
304 silly tarball no local data for debug@https://registry.npmjs.org/debug/-/debug-2.6.9.tgz. Extracting by manifest.
305 silly tarball no local data for @discordjs/collection@https://registry.npmjs.org/@discordjs/collection/-/collection-2.1.1.tgz. Extracting by manifest.
306 silly tarball no local data for @discordjs/collection@https://registry.npmjs.org/@discordjs/collection/-/collection-2.1.1.tgz. Extracting by manifest.
307 http fetch POST 200 https://registry.npmjs.org/-/npm/v1/security/advisories/bulk 1892ms
308 silly audit report {
308 silly audit report   undici: [
308 silly audit report     {
308 silly audit report       id: 1104500,
308 silly audit report       url: 'https://github.com/advisories/GHSA-cxrh-j4jr-qwg3',
308 silly audit report       title: 'undici Denial of Service attack via bad certificate data',
308 silly audit report       severity: 'low',
308 silly audit report       vulnerable_versions: '>=6.0.0 <6.21.2',
308 silly audit report       cwe: [Array],
308 silly audit report       cvss: [Object]
308 silly audit report     },
308 silly audit report     {
308 silly audit report       id: 1104501,
308 silly audit report       url: 'https://github.com/advisories/GHSA-cxrh-j4jr-qwg3',
308 silly audit report       title: 'undici Denial of Service attack via bad certificate data',
308 silly audit report       severity: 'low',
308 silly audit report       vulnerable_versions: '<5.29.0',
308 silly audit report       cwe: [Array],
308 silly audit report       cvss: [Object]
308 silly audit report     }
308 silly audit report   ]
308 silly audit report }
309 silly packumentCache corgi:https://registry.npmjs.org/undici cache-miss
310 http fetch GET 200 https://registry.npmjs.org/universalify/-/universalify-0.1.2.tgz 1920ms (cache miss)
311 http fetch GET 200 https://registry.npmjs.org/undici-types/-/undici-types-6.20.0.tgz 2394ms (cache miss)
312 http fetch GET 200 https://registry.npmjs.org/vary/-/vary-1.1.2.tgz 2478ms (cache miss)
313 http fetch GET 200 https://registry.npmjs.org/toidentifier/-/toidentifier-1.0.1.tgz 2604ms (cache miss)
314 http fetch GET 200 https://registry.npmjs.org/ts-mixer/-/ts-mixer-6.0.4.tgz 2621ms (cache miss)
315 http fetch GET 200 https://registry.npmjs.org/unpipe/-/unpipe-1.0.0.tgz 2799ms (cache miss)
316 http fetch GET 200 https://registry.npmjs.org/sparse-bitfield/-/sparse-bitfield-3.0.3.tgz 2811ms (cache miss)
317 http fetch GET 200 https://registry.npmjs.org/npm 3473ms
318 http fetch GET 200 https://registry.npmjs.org/ws/-/ws-8.18.1.tgz 3003ms (cache miss)
319 http fetch GET 200 https://registry.npmjs.org/utils-merge/-/utils-merge-1.0.1.tgz 2996ms (cache miss)
320 http fetch GET 200 https://registry.npmjs.org/side-channel-weakmap/-/side-channel-weakmap-1.0.2.tgz 3086ms (cache miss)
321 http fetch GET 200 https://registry.npmjs.org/simple-markdown/-/simple-markdown-0.7.3.tgz 3223ms (cache miss)
322 http fetch GET 200 https://registry.npmjs.org/setprototypeof/-/setprototypeof-1.2.0.tgz 3256ms (cache miss)
323 http fetch GET 200 https://registry.npmjs.org/statuses/-/statuses-2.0.1.tgz 3272ms (cache miss)
324 http fetch GET 200 https://registry.npmjs.org/webidl-conversions/-/webidl-conversions-7.0.0.tgz 3408ms (cache miss)
325 http fetch GET 200 https://registry.npmjs.org/tr46/-/tr46-5.1.0.tgz 3401ms (cache miss)
326 http fetch GET 200 https://registry.npmjs.org/side-channel/-/side-channel-1.1.0.tgz 3393ms (cache miss)
327 http fetch GET 200 https://registry.npmjs.org/type-is/-/type-is-1.6.18.tgz 3445ms (cache miss)
328 http fetch GET 200 https://registry.npmjs.org/scheduler/-/scheduler-0.23.2.tgz 3505ms (cache miss)
329 http fetch GET 200 https://registry.npmjs.org/safe-buffer/-/safe-buffer-5.2.1.tgz 3580ms (cache miss)
330 http fetch GET 200 https://registry.npmjs.org/twemoji-parser/-/twemoji-parser-14.0.0.tgz 3696ms (cache miss)
331 http fetch GET 200 https://registry.npmjs.org/sift/-/sift-17.1.3.tgz 3735ms (cache miss)
332 http fetch GET 200 https://registry.npmjs.org/safer-buffer/-/safer-buffer-2.1.2.tgz 3757ms (cache miss)
333 http fetch GET 200 https://registry.npmjs.org/range-parser/-/range-parser-1.2.1.tgz 3826ms (cache miss)
334 http fetch GET 200 https://registry.npmjs.org/serve-static/-/serve-static-1.16.2.tgz 3835ms (cache miss)
335 http fetch GET 200 https://registry.npmjs.org/side-channel-map/-/side-channel-map-1.0.1.tgz 3910ms (cache miss)
336 http fetch GET 200 https://registry.npmjs.org/proxy-addr/-/proxy-addr-2.0.7.tgz 3979ms (cache miss)
337 http fetch GET 200 https://registry.npmjs.org/react/-/react-18.3.1.tgz 4029ms (cache miss)
338 http fetch GET 200 https://registry.npmjs.org/twemoji/-/twemoji-14.0.2.tgz 4078ms (cache miss)
339 http fetch GET 200 https://registry.npmjs.org/raw-body/-/raw-body-2.5.2.tgz 4055ms (cache miss)
340 http fetch GET 200 https://registry.npmjs.org/on-finished/-/on-finished-2.4.1.tgz 4099ms (cache miss)
341 http fetch GET 200 https://registry.npmjs.org/negotiator/-/negotiator-0.6.3.tgz 4218ms (cache miss)
342 http fetch GET 200 https://registry.npmjs.org/side-channel-list/-/side-channel-list-1.0.0.tgz 4273ms (cache miss)
343 http fetch GET 200 https://registry.npmjs.org/ms/-/ms-2.1.3.tgz 4251ms (cache miss)
344 http fetch GET 200 https://registry.npmjs.org/send/-/send-0.19.0.tgz 4318ms (cache miss)
345 http fetch GET 200 https://registry.npmjs.org/path-to-regexp/-/path-to-regexp-0.1.12.tgz 4310ms (cache miss)
346 http fetch GET 200 https://registry.npmjs.org/undici/-/undici-6.21.1.tgz 4422ms (cache miss)
347 http fetch GET 200 https://registry.npmjs.org/parseurl/-/parseurl-1.3.3.tgz 4429ms (cache miss)
348 http fetch GET 200 https://registry.npmjs.org/mquery/-/mquery-5.0.0.tgz 4450ms (cache miss)
349 http fetch GET 200 https://registry.npmjs.org/whatwg-url/-/whatwg-url-14.2.0.tgz 4540ms (cache miss)
350 http fetch GET 200 https://registry.npmjs.org/object-inspect/-/object-inspect-1.13.4.tgz 4526ms (cache miss)
351 http fetch GET 200 https://registry.npmjs.org/methods/-/methods-1.1.2.tgz 4677ms (cache miss)
352 http fetch GET 200 https://registry.npmjs.org/punycode/-/punycode-2.3.1.tgz 4762ms (cache miss)
353 http fetch GET 200 https://registry.npmjs.org/mongodb-connection-string-url/-/mongodb-connection-string-url-3.0.2.tgz 4837ms (cache miss)
354 http fetch GET 200 https://registry.npmjs.org/merge-descriptors/-/merge-descriptors-1.0.3.tgz 4916ms (cache miss)
355 http fetch GET 200 https://registry.npmjs.org/memory-pager/-/memory-pager-1.5.0.tgz 4952ms (cache miss)
356 http fetch GET 200 https://registry.npmjs.org/mpath/-/mpath-0.9.0.tgz 4975ms (cache miss)
357 http fetch GET 200 https://registry.npmjs.org/mime-db/-/mime-db-1.52.0.tgz 4998ms (cache miss)
358 http fetch GET 200 https://registry.npmjs.org/math-intrinsics/-/math-intrinsics-1.1.0.tgz 5022ms (cache miss)
359 http fetch GET 200 https://registry.npmjs.org/mime-types/-/mime-types-2.1.35.tgz 5168ms (cache miss)
360 http fetch GET 200 https://registry.npmjs.org/tslib/-/tslib-2.8.1.tgz 5278ms (cache miss)
361 http fetch GET 200 https://registry.npmjs.org/jsonfile/-/jsonfile-5.0.0.tgz 5270ms (cache miss)
362 http fetch GET 200 https://registry.npmjs.org/qs/-/qs-6.13.0.tgz 5310ms (cache miss)
363 http fetch GET 200 https://registry.npmjs.org/loose-envify/-/loose-envify-1.4.0.tgz 5346ms (cache miss)
364 http fetch GET 200 https://registry.npmjs.org/module-name/-/module-name-0.0.1-security.tgz 5359ms (cache miss)
365 http fetch GET 200 https://registry.npmjs.org/mime/-/mime-1.6.0.tgz 5384ms (cache miss)
366 http fetch GET 200 https://registry.npmjs.org/js-tokens/-/js-tokens-4.0.0.tgz 5411ms (cache miss)
367 http fetch GET 200 https://registry.npmjs.org/lodash.snakecase/-/lodash.snakecase-4.1.1.tgz 5420ms (cache miss)
368 http fetch GET 200 https://registry.npmjs.org/magic-bytes.js/-/magic-bytes.js-1.10.0.tgz 5434ms (cache miss)
369 http fetch GET 200 https://registry.npmjs.org/inherits/-/inherits-2.0.4.tgz 5464ms (cache miss)
370 http fetch GET 200 https://registry.npmjs.org/media-typer/-/media-typer-0.3.0.tgz 5507ms (cache miss)
371 http fetch GET 200 https://registry.npmjs.org/kareem/-/kareem-2.6.3.tgz 5631ms (cache miss)
372 http fetch GET 200 https://registry.npmjs.org/gopd/-/gopd-1.2.0.tgz 5679ms (cache miss)
373 http fetch GET 200 https://registry.npmjs.org/hex-to-rgba/-/hex-to-rgba-2.0.1.tgz 5832ms (cache miss)
374 http fetch GET 200 https://registry.npmjs.org/has-symbols/-/has-symbols-1.1.0.tgz 5876ms (cache miss)
375 http fetch GET 200 https://registry.npmjs.org/http-errors/-/http-errors-2.0.0.tgz 5954ms (cache miss)
376 http fetch GET 200 https://registry.npmjs.org/fresh/-/fresh-0.5.2.tgz 6135ms (cache miss)
377 http fetch GET 200 https://registry.npmjs.org/forwarded/-/forwarded-0.2.0.tgz 6168ms (cache miss)
378 http fetch GET 200 https://registry.npmjs.org/function-bind/-/function-bind-1.1.2.tgz 6187ms (cache miss)
379 http fetch GET 200 https://registry.npmjs.org/get-intrinsic/-/get-intrinsic-1.3.0.tgz 6191ms (cache miss)
380 http fetch GET 200 https://registry.npmjs.org/hasown/-/hasown-2.0.2.tgz 6250ms (cache miss)
381 http fetch GET 200 https://registry.npmjs.org/react-dom/-/react-dom-18.3.1.tgz 6309ms (cache miss)
382 http fetch GET 200 https://registry.npmjs.org/fs-extra/-/fs-extra-8.1.0.tgz 6270ms (cache miss)
383 http fetch GET 200 https://registry.npmjs.org/escape-html/-/escape-html-1.0.3.tgz 6311ms (cache miss)
384 http fetch GET 200 https://registry.npmjs.org/es-object-atoms/-/es-object-atoms-1.1.1.tgz 6330ms (cache miss)
385 http fetch GET 200 https://registry.npmjs.org/ipaddr.js/-/ipaddr.js-1.9.1.tgz 6437ms (cache miss)
386 http fetch GET 200 https://registry.npmjs.org/encodeurl/-/encodeurl-2.0.0.tgz 6465ms (cache miss)
387 http fetch GET 200 https://registry.npmjs.org/graceful-fs/-/graceful-fs-4.2.11.tgz 6484ms (cache miss)
388 http fetch GET 200 https://registry.npmjs.org/mongoose/-/mongoose-8.12.1.tgz 6520ms (cache miss)
389 http fetch GET 200 https://registry.npmjs.org/ee-first/-/ee-first-1.1.1.tgz 6531ms (cache miss)
390 http fetch GET 200 https://registry.npmjs.org/express/-/express-4.21.2.tgz 6562ms (cache miss)
391 http fetch GET 200 https://registry.npmjs.org/es-define-property/-/es-define-property-1.0.1.tgz 6681ms (cache miss)
392 http fetch GET 200 https://registry.npmjs.org/mongodb/-/mongodb-6.14.2.tgz 6748ms (cache miss)
393 http fetch GET 200 https://registry.npmjs.org/get-proto/-/get-proto-1.0.1.tgz 6737ms (cache miss)
394 http fetch GET 200 https://registry.npmjs.org/dunder-proto/-/dunder-proto-1.0.1.tgz 6746ms (cache miss)
395 http fetch GET 200 https://registry.npmjs.org/destroy/-/destroy-1.2.0.tgz 6952ms (cache miss)
396 http fetch GET 200 https://registry.npmjs.org/es-errors/-/es-errors-1.3.0.tgz 6970ms (cache miss)
397 http fetch GET 200 https://registry.npmjs.org/debug/-/debug-4.4.0.tgz 6997ms (cache miss)
398 http fetch GET 200 https://registry.npmjs.org/discord-markdown-parser/-/discord-markdown-parser-1.1.0.tgz 7107ms (cache miss)
399 http fetch GET 200 https://registry.npmjs.org/dotenv/-/dotenv-16.4.7.tgz 7151ms (cache miss)
400 http fetch GET 200 https://registry.npmjs.org/depd/-/depd-2.0.0.tgz 7228ms (cache miss)
401 http fetch GET 200 https://registry.npmjs.org/finalhandler/-/finalhandler-1.3.1.tgz 7360ms (cache miss)
402 http fetch GET 200 https://registry.npmjs.org/cookie-signature/-/cookie-signature-1.0.6.tgz 7365ms (cache miss)
403 http fetch GET 200 https://registry.npmjs.org/clsx/-/clsx-1.2.1.tgz 7379ms (cache miss)
404 http fetch GET 200 https://registry.npmjs.org/djs-commander/-/djs-commander-0.0.50.tgz 7506ms (cache miss)
405 http fetch GET 200 https://registry.npmjs.org/call-bound/-/call-bound-1.0.4.tgz 7529ms (cache miss)
406 http fetch GET 200 https://registry.npmjs.org/bytes/-/bytes-3.1.2.tgz 7570ms (cache miss)
407 http fetch GET 200 https://registry.npmjs.org/lodash/-/lodash-4.17.21.tgz 7786ms (cache miss)
408 http fetch GET 200 https://registry.npmjs.org/fast-deep-equal/-/fast-deep-equal-3.1.3.tgz 7869ms (cache miss)
409 http fetch GET 200 https://registry.npmjs.org/csstype/-/csstype-3.1.3.tgz 7852ms (cache miss)
410 http fetch GET 200 https://registry.npmjs.org/etag/-/etag-1.8.1.tgz 7944ms (cache miss)
411 http fetch GET 200 https://registry.npmjs.org/cookie/-/cookie-0.7.1.tgz 7949ms (cache miss)
412 http fetch GET 200 https://registry.npmjs.org/content-type/-/content-type-1.0.5.tgz 7960ms (cache miss)
413 http fetch GET 200 https://registry.npmjs.org/array-flatten/-/array-flatten-1.1.1.tgz 7967ms (cache miss)
414 http fetch GET 200 https://registry.npmjs.org/body-parser/-/body-parser-1.20.3.tgz 7986ms (cache miss)
415 http fetch GET 200 https://registry.npmjs.org/accepts/-/accepts-1.3.8.tgz 8001ms (cache miss)
416 http fetch GET 200 https://registry.npmjs.org/iconv-lite/-/iconv-lite-0.4.24.tgz 8157ms (cache miss)
417 http fetch GET 200 https://registry.npmjs.org/discord.js/-/discord.js-14.18.0.tgz 8162ms (cache miss)
418 http fetch GET 200 https://registry.npmjs.org/@types/whatwg-url/-/whatwg-url-11.0.5.tgz 8179ms (cache miss)
419 http fetch GET 200 https://registry.npmjs.org/@types/webidl-conversions/-/webidl-conversions-7.0.3.tgz 8194ms (cache miss)
420 http fetch GET 200 https://registry.npmjs.org/@types/ws/-/ws-8.5.14.tgz 8328ms (cache miss)
421 http fetch GET 200 https://registry.npmjs.org/call-bind-apply-helpers/-/call-bind-apply-helpers-1.0.2.tgz 8371ms (cache miss)
422 http fetch GET 200 https://registry.npmjs.org/content-disposition/-/content-disposition-0.5.4.tgz 8511ms (cache miss)
423 http fetch GET 200 https://registry.npmjs.org/discord-api-types/-/discord-api-types-0.37.119.tgz 8634ms (cache miss)
424 http fetch GET 200 https://registry.npmjs.org/highlight.js/-/highlight.js-11.11.1.tgz 8940ms (cache miss)
425 http fetch GET 200 https://registry.npmjs.org/@vladfrangu/async_event_emitter/-/async_event_emitter-2.4.6.tgz 9073ms (cache miss)
426 http fetch GET 200 https://registry.npmjs.org/@fastify/busboy/-/busboy-2.1.1.tgz 9087ms (cache miss)
427 http fetch GET 200 https://registry.npmjs.org/@sapphire/async-queue/-/async-queue-1.5.5.tgz 9195ms (cache miss)
428 http fetch GET 200 https://registry.npmjs.org/@discordjs/util/-/util-1.1.1.tgz 9205ms (cache miss)
429 http fetch GET 200 https://registry.npmjs.org/bson/-/bson-6.10.3.tgz 9234ms (cache miss)
430 http fetch GET 200 https://registry.npmjs.org/@sapphire/snowflake/-/snowflake-3.5.3.tgz 9421ms (cache miss)
431 http fetch GET 200 https://registry.npmjs.org/encodeurl/-/encodeurl-1.0.2.tgz 9438ms (cache miss)
432 http fetch GET 200 https://registry.npmjs.org/@types/node/-/node-22.13.5.tgz 9602ms (cache miss)
433 http fetch GET 200 https://registry.npmjs.org/ms/-/ms-2.0.0.tgz 9881ms (cache miss)
434 http fetch GET 200 https://registry.npmjs.org/jsonfile/-/jsonfile-4.0.0.tgz 9957ms (cache miss)
435 http fetch GET 200 https://registry.npmjs.org/@derockdev/discord-components-react/-/discord-components-react-3.6.1.tgz 10010ms (cache miss)
436 http fetch GET 200 https://registry.npmjs.org/debug/-/debug-2.6.9.tgz 10037ms (cache miss)
437 http fetch GET 200 https://registry.npmjs.org/@discordjs/collection/-/collection-1.5.3.tgz 10215ms (cache miss)
438 http fetch GET 200 https://registry.npmjs.org/ms/-/ms-2.0.0.tgz 10214ms (cache miss)
439 http fetch GET 200 https://registry.npmjs.org/@discordjs/formatters/-/formatters-0.6.0.tgz 10428ms (cache miss)
440 http fetch GET 200 https://registry.npmjs.org/ms/-/ms-2.0.0.tgz 10415ms (cache miss)
441 http fetch GET 200 https://registry.npmjs.org/@discordjs/ws/-/ws-1.2.1.tgz 10580ms (cache miss)
442 http fetch GET 200 https://registry.npmjs.org/debug/-/debug-2.6.9.tgz 10699ms (cache miss)
443 http fetch GET 200 https://registry.npmjs.org/@mongodb-js/saslprep/-/saslprep-1.2.0.tgz 10812ms (cache miss)
444 http fetch GET 200 https://registry.npmjs.org/debug/-/debug-2.6.9.tgz 10885ms (cache miss)
445 http fetch GET 200 https://registry.npmjs.org/debug/-/debug-2.6.9.tgz 10984ms (cache miss)
446 http fetch GET 200 https://registry.npmjs.org/@sapphire/shapeshift/-/shapeshift-4.0.0.tgz 11038ms (cache miss)
447 http fetch GET 200 https://registry.npmjs.org/@discordjs/builders/-/builders-1.10.1.tgz 11113ms (cache miss)
448 http fetch GET 200 https://registry.npmjs.org/@discordjs/collection/-/collection-2.1.1.tgz 11295ms (cache miss)
449 http fetch GET 200 https://registry.npmjs.org/ms/-/ms-2.0.0.tgz 11877ms (cache miss)
450 http fetch GET 200 https://registry.npmjs.org/@discordjs/collection/-/collection-2.1.1.tgz 12389ms (cache miss)
451 http fetch GET 200 https://registry.npmjs.org/undici/-/undici-5.28.5.tgz 12877ms (cache miss)
452 http fetch GET 200 https://registry.npmjs.org/@discordjs/rest/-/rest-2.4.3.tgz 13037ms (cache miss)
453 http fetch GET 200 https://registry.npmjs.org/discord-html-transcripts/-/discord-html-transcripts-3.2.0.tgz 13177ms (cache miss)
454 http fetch GET 200 https://registry.npmjs.org/@stencil/core/-/core-3.4.2.tgz 15080ms (cache miss)
455 http fetch GET 200 https://registry.npmjs.org/undici 21482ms (cache miss)
456 silly packumentCache corgi:https://registry.npmjs.org/undici set size:undefined disposed:false
457 silly packumentCache corgi:https://registry.npmjs.org/@discordjs%2frest cache-miss
458 silly packumentCache corgi:https://registry.npmjs.org/discord.js cache-miss
459 http fetch GET 200 https://registry.npmjs.org/@types/react/-/react-19.0.10.tgz 24025ms (cache miss)
460 http fetch GET 200 https://registry.npmjs.org/discord.js 4215ms (cache miss)
461 silly packumentCache corgi:https://registry.npmjs.org/discord.js set size:undefined disposed:false
462 http fetch GET 200 https://registry.npmjs.org/@discordjs%2frest 32350ms (cache miss)
463 silly packumentCache corgi:https://registry.npmjs.org/@discordjs%2frest set size:undefined disposed:false
464 silly packumentCache corgi:https://registry.npmjs.org/discord-html-transcripts cache-miss
465 http fetch GET 200 https://registry.npmjs.org/discord-html-transcripts 1374ms (cache miss)
466 silly packumentCache corgi:https://registry.npmjs.org/discord-html-transcripts set size:undefined disposed:false
467 silly packumentCache corgi:https://registry.npmjs.org/@discordjs%2fws cache-miss
468 http fetch GET 200 https://registry.npmjs.org/@discordjs%2fws 8565ms (cache miss)
469 silly packumentCache corgi:https://registry.npmjs.org/@discordjs%2fws set size:undefined disposed:false
470 http fetch GET 200 https://registry.npmjs.org/@derockdev/discord-components-core/-/discord-components-core-3.6.1.tgz 77764ms (cache miss)
471 silly ADD node_modules/ws
472 silly ADD node_modules/whatwg-url
473 silly ADD node_modules/webidl-conversions
474 silly ADD node_modules/vary
475 silly ADD node_modules/utils-merge
476 silly ADD node_modules/unpipe
477 silly ADD node_modules/universalify
478 silly ADD node_modules/undici-types
479 silly ADD node_modules/undici
480 silly ADD node_modules/type-is
481 silly ADD node_modules/twemoji-parser
482 silly ADD node_modules/twemoji
483 silly ADD node_modules/tslib
484 silly ADD node_modules/ts-mixer
485 silly ADD node_modules/tr46
486 silly ADD node_modules/toidentifier
487 silly ADD node_modules/statuses
488 silly ADD node_modules/sparse-bitfield
489 silly ADD node_modules/simple-markdown
490 silly ADD node_modules/sift
491 silly ADD node_modules/side-channel-weakmap
492 silly ADD node_modules/side-channel-map
493 silly ADD node_modules/side-channel-list
494 silly ADD node_modules/side-channel
495 silly ADD node_modules/setprototypeof
496 silly ADD node_modules/serve-static
497 silly ADD node_modules/send
498 silly ADD node_modules/send/node_modules/encodeurl
499 silly ADD node_modules/send/node_modules/debug
500 silly ADD node_modules/send/node_modules/debug/node_modules/ms
501 silly ADD node_modules/scheduler
502 silly ADD node_modules/safer-buffer
503 silly ADD node_modules/safe-buffer
504 silly ADD node_modules/react-dom
505 silly ADD node_modules/react
506 silly ADD node_modules/raw-body
507 silly ADD node_modules/range-parser
508 silly ADD node_modules/qs
509 silly ADD node_modules/punycode
510 silly ADD node_modules/proxy-addr
511 silly ADD node_modules/path-to-regexp
512 silly ADD node_modules/parseurl
513 silly ADD node_modules/on-finished
514 silly ADD node_modules/object-inspect
515 silly ADD node_modules/negotiator
516 silly ADD node_modules/ms
517 silly ADD node_modules/mquery
518 silly ADD node_modules/mpath
519 silly ADD node_modules/mongoose
520 silly ADD node_modules/mongodb-connection-string-url
521 silly ADD node_modules/mongodb
522 silly ADD node_modules/module-name
523 silly ADD node_modules/mime-types
524 silly ADD node_modules/mime-db
525 silly ADD node_modules/mime
526 silly ADD node_modules/methods
527 silly ADD node_modules/merge-descriptors
528 silly ADD node_modules/memory-pager
529 silly ADD node_modules/media-typer
530 silly ADD node_modules/math-intrinsics
531 silly ADD node_modules/magic-bytes.js
532 silly ADD node_modules/loose-envify
533 silly ADD node_modules/lodash.snakecase
534 silly ADD node_modules/lodash
535 silly ADD node_modules/kareem
536 silly ADD node_modules/jsonfile
537 silly ADD node_modules/js-tokens
538 silly ADD node_modules/ipaddr.js
539 silly ADD node_modules/inherits
540 silly ADD node_modules/iconv-lite
541 silly ADD node_modules/http-errors
542 silly ADD node_modules/highlight.js
543 silly ADD node_modules/hex-to-rgba
544 silly ADD node_modules/hasown
545 silly ADD node_modules/has-symbols
546 silly ADD node_modules/graceful-fs
547 silly ADD node_modules/gopd
548 silly ADD node_modules/get-proto
549 silly ADD node_modules/get-intrinsic
550 silly ADD node_modules/function-bind
551 silly ADD node_modules/fs-extra
552 silly ADD node_modules/fs-extra/node_modules/jsonfile
553 silly ADD node_modules/fresh
554 silly ADD node_modules/forwarded
555 silly ADD node_modules/finalhandler
556 silly ADD node_modules/finalhandler/node_modules/ms
557 silly ADD node_modules/finalhandler/node_modules/debug
558 silly ADD node_modules/fast-deep-equal
559 silly ADD node_modules/express
560 silly ADD node_modules/express/node_modules/ms
561 silly ADD node_modules/express/node_modules/debug
562 silly ADD node_modules/etag
563 silly ADD node_modules/escape-html
564 silly ADD node_modules/es-object-atoms
565 silly ADD node_modules/es-errors
566 silly ADD node_modules/es-define-property
567 silly ADD node_modules/encodeurl
568 silly ADD node_modules/ee-first
569 silly ADD node_modules/dunder-proto
570 silly ADD node_modules/dotenv
571 silly ADD node_modules/djs-commander
572 silly ADD node_modules/discord.js
573 silly ADD node_modules/discord-markdown-parser
574 silly ADD node_modules/discord-html-transcripts
575 silly ADD node_modules/discord-html-transcripts/node_modules/undici
576 silly ADD node_modules/discord-api-types
577 silly ADD node_modules/destroy
578 silly ADD node_modules/depd
579 silly ADD node_modules/debug
580 silly ADD node_modules/csstype
581 silly ADD node_modules/cookie-signature
582 silly ADD node_modules/cookie
583 silly ADD node_modules/content-type
584 silly ADD node_modules/content-disposition
585 silly ADD node_modules/clsx
586 silly ADD node_modules/call-bound
587 silly ADD node_modules/call-bind-apply-helpers
588 silly ADD node_modules/bytes
589 silly ADD node_modules/bson
590 silly ADD node_modules/body-parser
591 silly ADD node_modules/body-parser/node_modules/ms
592 silly ADD node_modules/body-parser/node_modules/debug
593 silly ADD node_modules/array-flatten
594 silly ADD node_modules/accepts
595 silly ADD node_modules/@vladfrangu/async_event_emitter
596 silly ADD node_modules/@types/ws
597 silly ADD node_modules/@types/whatwg-url
598 silly ADD node_modules/@types/webidl-conversions
599 silly ADD node_modules/@types/react
600 silly ADD node_modules/@types/node
601 silly ADD node_modules/@stencil/core
602 silly ADD node_modules/@sapphire/snowflake
603 silly ADD node_modules/@sapphire/shapeshift
604 silly ADD node_modules/@sapphire/async-queue
605 silly ADD node_modules/@mongodb-js/saslprep
606 silly ADD node_modules/@fastify/busboy
607 silly ADD node_modules/@discordjs/ws
608 silly ADD node_modules/@discordjs/ws/node_modules/@discordjs/collection
609 silly ADD node_modules/@discordjs/util
610 silly ADD node_modules/@discordjs/rest
611 silly ADD node_modules/@discordjs/rest/node_modules/@discordjs/collection
612 silly ADD node_modules/@discordjs/formatters
613 silly ADD node_modules/@discordjs/collection
614 silly ADD node_modules/@discordjs/builders
615 silly ADD node_modules/@derockdev/discord-components-react
616 silly ADD node_modules/@derockdev/discord-components-core
617 verbose cwd /home/container
618 verbose os Linux 5.15.0-142-generic
619 verbose node v21.7.3
620 verbose npm  v10.9.4
621 notice
621 notice New [31mmajor[39m version of npm available! [31m10.9.4[39m -> [34m11.6.2[39m
621 notice Changelog: [34mhttps://github.com/npm/cli/releases/tag/v11.6.2[39m
621 notice To update run: [4mnpm install -g npm@11.6.2[24m
621 notice  { force: true, [Symbol(proc-log.meta)]: true }
622 verbose exit 0
623 info ok
